INFO: mock.py version 5.5 starting (python version = 3.9.18, NVR = mock-5.5-1.el9), args: /usr/libexec/mock/mock -r epel-9-x86_64 --enable-network --addrepo /opt/minarca-rpm/rpmbuilds/6.0.0b3/RPMS/ --resultdir /opt/minarca-rpm/rpmbuilds/6.0.0b3/RPMS-TMP/ --no-clean /opt/minarca-rpm/rpmbuilds/6.0.0b3/SRPMS/minarca-server-6.0.0b3-19.el9.src.rpm --rpmbuild-opts=--nocheck --no-cleanup-after
Start(bootstrap): init plugins
INFO: selinux enabled
Finish(bootstrap): init plugins
Start: init plugins
INFO: selinux enabled
Finish: init plugins
INFO: Signal handler active
Start: run
INFO: Start(/opt/minarca-rpm/rpmbuilds/6.0.0b3/SRPMS/minarca-server-6.0.0b3-19.el9.src.rpm)  Config(rhel+epel-9-x86_64)
Mock Version: 5.5
INFO: Mock Version: 5.5
Start(bootstrap): chroot init
INFO: calling preinit hooks
INFO: enabled root cache
INFO: enabled package manager cache
Start(bootstrap): cleaning package manager metadata
Finish(bootstrap): cleaning package manager metadata
INFO: Package manager dnf detected and used (fallback)
Finish(bootstrap): chroot init
Start: chroot init
INFO: calling preinit hooks
INFO: enabled root cache
Start: unpacking root cache
Finish: unpacking root cache
INFO: enabled package manager cache
Start: cleaning package manager metadata
Finish: cleaning package manager metadata
INFO: enabled HW Info plugin
INFO: Package manager dnf detected and used (direct choice)
INFO: Buildroot is handled by package management downloaded with a bootstrap image:
  rpm-4.16.1.3-29.el9.x86_64
  python3-dnf-4.14.0-9.el9.noarch
  python3-dnf-plugins-core-4.3.0-13.el9.noarch
  yum-4.14.0-9.el9.noarch
Finish: chroot init
Start: build phase for minarca-server-6.0.0b3-19.el9.src.rpm
Start: build setup for minarca-server-6.0.0b3-19.el9.src.rpm
warning: Macro expanded in comment on line 20: %{version}

warning: Macro expanded in comment on line 29: %{python3_pkgversion} python%{python3_pkgversion}-devel nodejs npm gettext git python%{python3_pkgversion}-build rsync libpq libpq-devel 

warning: Macro expanded in comment on line 37: %{python3_pkgversion} nodejs >= 18 npm gettext git nginx redis xmlsec1-openssl xmlsec1 podman sscg awx-receptor libpq 

Building target platforms: x86_64
Building for target x86_64
setting SOURCE_DATE_EPOCH=1719532800
Wrote: /builddir/build/SRPMS/minarca-server-6.0.0b3-19.el9.src.rpm
