INFO: mock.py version 5.5 starting (python version = 3.9.18, NVR = mock-5.5-1.el9), args: /usr/libexec/mock/mock -r epel-9-x86_64 --enable-network --addrepo /opt/minarca-rpm/rpmbuilds/6.0.0b3/RPMS/ --resultdir /opt/minarca-rpm/rpmbuilds/6.0.0b3/RPMS-TMP/ --no-clean /opt/minarca-rpm/rpmbuilds/6.0.0b3/SRPMS/minarca-server-6.0.0b3-1.src.rpm --rpmbuild-opts=--nocheck --no-cleanup-after
Start(bootstrap): init plugins
INFO: selinux enabled
Finish(bootstrap): init plugins
Start: init plugins
INFO: selinux enabled
Finish: init plugins
INFO: Signal handler active
Start: run
INFO: Start(/opt/minarca-rpm/rpmbuilds/6.0.0b3/SRPMS/minarca-server-6.0.0b3-1.src.rpm)  Config(rhel+epel-9-x86_64)
Mock Version: 5.5
INFO: Mock Version: 5.5
Start(bootstrap): chroot init
INFO: calling preinit hooks
INFO: enabled root cache
INFO: enabled package manager cache
Start(bootstrap): cleaning package manager metadata
Finish(bootstrap): cleaning package manager metadata
INFO: Package manager dnf detected and used (fallback)
Finish(bootstrap): chroot init
Start: chroot init
INFO: calling preinit hooks
INFO: enabled root cache
Start: unpacking root cache
Finish: unpacking root cache
INFO: enabled package manager cache
Start: cleaning package manager metadata
Finish: cleaning package manager metadata
INFO: enabled HW Info plugin
INFO: Package manager dnf detected and used (direct choice)
INFO: Buildroot is handled by package management downloaded with a bootstrap image:
  rpm-4.16.1.3-29.el9.x86_64
  python3-dnf-4.14.0-9.el9.noarch
  python3-dnf-plugins-core-4.3.0-13.el9.noarch
  yum-4.14.0-9.el9.noarch
Finish: chroot init
Start: build phase for minarca-server-6.0.0b3-1.src.rpm
Start: build setup for minarca-server-6.0.0b3-1.src.rpm
Building target platforms: x86_64
Building for target x86_64
Wrote: /builddir/build/SRPMS/minarca-server-6.0.0b3-1.src.rpm
No matches found for the following disable plugin patterns: local, spacewalk, versionlock
Updating Subscription Management repositories.
Unable to read consumer identity

This system is not registered with an entitlement server. You can use subscription-manager to register.

/opt/minarca-rpm/rpmbuilds/6.0.0b3/RPMS/                                                                                                                                                                                                                                                                   0.0  B/s |   0  B     00:00    
Errors during downloading metadata for repository '_opt_minarcarpm_rpmbuilds_600b3_RPMS_':
  - Curl error (37): Couldn't read a file:// file for file:///opt/minarca-rpm/rpmbuilds/6.0.0b3/RPMS/repodata/repomd.xml [Couldn't open file /opt/minarca-rpm/rpmbuilds/6.0.0b3/RPMS/repodata/repomd.xml]
Error: Failed to download metadata for repo '_opt_minarcarpm_rpmbuilds_600b3_RPMS_': Cannot download repomd.xml: Cannot download repodata/repomd.xml: All mirrors were tried
Finish: build setup for minarca-server-6.0.0b3-1.src.rpm
Finish: build phase for minarca-server-6.0.0b3-1.src.rpm
ERROR: Exception(/opt/minarca-rpm/rpmbuilds/6.0.0b3/SRPMS/minarca-server-6.0.0b3-1.src.rpm) Config(rhel+epel-9-x86_64) 0 minutes 3 seconds
INFO: Results and/or logs in: /opt/minarca-rpm/rpmbuilds/6.0.0b3/RPMS-TMP/
ERROR: Command failed: 
 # /usr/bin/systemd-nspawn -q -M 45c15e9db72e4b01b47804e2e1b1d905 -D /var/lib/mock/rhel+epel-9-x86_64-bootstrap/root -a --capability=cap_ipc_lock --bind=/tmp/mock-resolv.xxr226s4:/etc/resolv.conf --console=pipe --setenv=TERM=vt100 --setenv=SHELL=/bin/bash --setenv=HOME=/var/lib/mock/rhel+epel-9-x86_64/root/installation-homedir --setenv=HOSTNAME=mock --setenv=PATH=/usr/bin:/bin:/usr/sbin:/sbin '--setenv=PROMPT_COMMAND=printf "\033]0;<mock-chroot>\007"' '--setenv=PS1=<mock-chroot> \s-\v\$ ' --setenv=LANG=C.UTF-8 --setenv=LC_MESSAGES=C.UTF-8 --resolv-conf=off /usr/bin/dnf-3 builddep --installroot /var/lib/mock/rhel+epel-9-x86_64/root/ --releasever 9 --setopt=deltarpm=False --setopt=allow_vendor_change=yes --allowerasing --disableplugin=local --disableplugin=spacewalk --disableplugin=versionlock /var/lib/mock/rhel+epel-9-x86_64/root//builddir/build/SRPMS/minarca-server-6.0.0b3-1.src.rpm --setopt=tsflags=nocontexts
No matches found for the following disable plugin patterns: local, spacewalk, versionlock
Updating Subscription Management repositories.
Unable to read consumer identity

This system is not registered with an entitlement server. You can use subscription-manager to register.

/opt/minarca-rpm/rpmbuilds/6.0.0b3/RPMS/                                                                                                                                                                                                                                                                   0.0  B/s |   0  B     00:00    
Errors during downloading metadata for repository '_opt_minarcarpm_rpmbuilds_600b3_RPMS_':
  - Curl error (37): Couldn't read a file:// file for file:///opt/minarca-rpm/rpmbuilds/6.0.0b3/RPMS/repodata/repomd.xml [Couldn't open file /opt/minarca-rpm/rpmbuilds/6.0.0b3/RPMS/repodata/repomd.xml]
Error: Failed to download metadata for repo '_opt_minarcarpm_rpmbuilds_600b3_RPMS_': Cannot download repomd.xml: Cannot download repodata/repomd.xml: All mirrors were tried

Directory walk started
Directory walk done - 0 packages
Temporary output repo path: /opt/minarca-rpm/rpmbuilds/6.0.0b3/RPMS/.repodata/
Preparing sqlite DBs
Pool started (with 5 workers)
Pool finished
INFO: mock.py version 5.5 starting (python version = 3.9.18, NVR = mock-5.5-1.el9), args: /usr/libexec/mock/mock -r epel-9-x86_64 --clean
Start(bootstrap): init plugins
INFO: selinux enabled
Finish(bootstrap): init plugins
Start: init plugins
INFO: selinux enabled
Finish: init plugins
INFO: Signal handler active
Start: run
Start: clean chroot
Finish: clean chroot
Finish: run
